[2024-03-11 21:56:41,511][train][INFO] - epoch: 0 || adv_avg_loss: 0.6600 |cl_avg_loss: 45.0141 | tot_avg_loss: 5.1614 |
[2024-03-11 21:56:46,438][train][INFO] - ---------valid result! ----------
[2024-03-11 21:56:46,439][train][INFO] - HIT@5: 0.0012|  NDCG@5: 0.0008| HIT@10: 0.0025|  NDCG@10: 0.0012| HIT@20: 0.0059|  NDCG@20: 0.0020
[2024-03-11 21:56:46,445][train][INFO] - saving model after new best score: 0.0020
[2024-03-11 21:56:50,367][train][INFO] - epoch: 1 || adv_avg_loss: 0.5967 |cl_avg_loss: 21.6929 | tot_avg_loss: 2.7660 |
[2024-03-11 21:56:55,444][train][INFO] - ---------valid result! ----------
[2024-03-11 21:56:55,444][train][INFO] - HIT@5: 0.0024|  NDCG@5: 0.0014| HIT@10: 0.0041|  NDCG@10: 0.0019| HIT@20: 0.0091|  NDCG@20: 0.0032
[2024-03-11 21:56:55,450][train][INFO] - saving model after new best score: 0.0032
[2024-03-11 21:56:59,415][train][INFO] - epoch: 2 || adv_avg_loss: 0.5662 |cl_avg_loss: 15.0654 | tot_avg_loss: 2.0728 |
[2024-03-11 21:57:04,375][train][INFO] - ---------valid result! ----------
[2024-03-11 21:57:04,375][train][INFO] - HIT@5: 0.0023|  NDCG@5: 0.0012| HIT@10: 0.0060|  NDCG@10: 0.0024| HIT@20: 0.0123|  NDCG@20: 0.0039
[2024-03-11 21:57:04,381][train][INFO] - saving model after new best score: 0.0039
[2024-03-11 21:57:08,298][train][INFO] - epoch: 3 || adv_avg_loss: 0.5477 |cl_avg_loss: 11.1983 | tot_avg_loss: 1.6675 |
[2024-03-11 21:57:13,116][train][INFO] - ---------valid result! ----------
[2024-03-11 21:57:13,116][train][INFO] - HIT@5: 0.0017|  NDCG@5: 0.0009| HIT@10: 0.0050|  NDCG@10: 0.0019| HIT@20: 0.0133|  NDCG@20: 0.0040
[2024-03-11 21:57:13,122][train][INFO] - saving model after new best score: 0.0040
[2024-03-11 21:57:17,013][train][INFO] - epoch: 4 || adv_avg_loss: 0.5340 |cl_avg_loss: 9.1498 | tot_avg_loss: 1.4490 |
[2024-03-11 21:57:21,824][train][INFO] - ---------valid result! ----------
[2024-03-11 21:57:21,825][train][INFO] - HIT@5: 0.0029|  NDCG@5: 0.0016| HIT@10: 0.0067|  NDCG@10: 0.0029| HIT@20: 0.0136|  NDCG@20: 0.0046
[2024-03-11 21:57:21,831][train][INFO] - saving model after new best score: 0.0046
[2024-03-11 21:57:25,745][train][INFO] - epoch: 5 || adv_avg_loss: 0.5231 |cl_avg_loss: 7.9712 | tot_avg_loss: 1.3203 |
[2024-03-11 21:57:30,505][train][INFO] - ---------valid result! ----------
[2024-03-11 21:57:30,505][train][INFO] - HIT@5: 0.0034|  NDCG@5: 0.0020| HIT@10: 0.0073|  NDCG@10: 0.0033| HIT@20: 0.0152|  NDCG@20: 0.0052
[2024-03-11 21:57:30,514][train][INFO] - saving model after new best score: 0.0052
[2024-03-11 21:57:34,436][train][INFO] - epoch: 6 || adv_avg_loss: 0.5142 |cl_avg_loss: 7.3191 | tot_avg_loss: 1.2462 |
[2024-03-11 21:57:39,222][train][INFO] - ---------valid result! ----------
[2024-03-11 21:57:39,222][train][INFO] - HIT@5: 0.0038|  NDCG@5: 0.0024| HIT@10: 0.0079|  NDCG@10: 0.0037| HIT@20: 0.0159|  NDCG@20: 0.0057
[2024-03-11 21:57:39,228][train][INFO] - saving model after new best score: 0.0057
[2024-03-11 21:57:43,149][train][INFO] - epoch: 7 || adv_avg_loss: 0.5065 |cl_avg_loss: 6.8462 | tot_avg_loss: 1.1911 |
[2024-03-11 21:57:47,863][train][INFO] - ---------valid result! ----------
[2024-03-11 21:57:47,863][train][INFO] - HIT@5: 0.0043|  NDCG@5: 0.0026| HIT@10: 0.0086|  NDCG@10: 0.0039| HIT@20: 0.0166|  NDCG@20: 0.0059
[2024-03-11 21:57:47,872][train][INFO] - saving model after new best score: 0.0059
[2024-03-11 21:57:51,774][train][INFO] - epoch: 8 || adv_avg_loss: 0.5027 |cl_avg_loss: 6.4822 | tot_avg_loss: 1.1509 |
[2024-03-11 21:57:56,542][train][INFO] - ---------valid result! ----------
[2024-03-11 21:57:56,542][train][INFO] - HIT@5: 0.0041|  NDCG@5: 0.0024| HIT@10: 0.0086|  NDCG@10: 0.0039| HIT@20: 0.0182|  NDCG@20: 0.0063
[2024-03-11 21:57:56,548][train][INFO] - saving model after new best score: 0.0063
[2024-03-11 21:58:00,449][train][INFO] - epoch: 9 || adv_avg_loss: 0.4977 |cl_avg_loss: 6.1794 | tot_avg_loss: 1.1156 |
[2024-03-11 21:58:05,179][train][INFO] - ---------valid result! ----------
[2024-03-11 21:58:05,179][train][INFO] - HIT@5: 0.0043|  NDCG@5: 0.0026| HIT@10: 0.0085|  NDCG@10: 0.0039| HIT@20: 0.0174|  NDCG@20: 0.0062
[2024-03-11 21:58:05,179][train][INFO] - current early stop cnter: 1
[2024-03-11 21:58:09,108][train][INFO] - epoch: 10 || adv_avg_loss: 0.4918 |cl_avg_loss: 5.9246 | tot_avg_loss: 1.0843 |
[2024-03-11 21:58:13,868][train][INFO] - ---------valid result! ----------
[2024-03-11 21:58:13,868][train][INFO] - HIT@5: 0.0038|  NDCG@5: 0.0023| HIT@10: 0.0082|  NDCG@10: 0.0037| HIT@20: 0.0173|  NDCG@20: 0.0060
[2024-03-11 21:58:13,870][train][INFO] - current early stop cnter: 2
[2024-03-11 21:58:17,778][train][INFO] - epoch: 11 || adv_avg_loss: 0.4865 |cl_avg_loss: 5.7188 | tot_avg_loss: 1.0584 |
[2024-03-11 21:58:22,524][train][INFO] - ---------valid result! ----------
[2024-03-11 21:58:22,524][train][INFO] - HIT@5: 0.0047|  NDCG@5: 0.0027| HIT@10: 0.0089|  NDCG@10: 0.0041| HIT@20: 0.0186|  NDCG@20: 0.0065
[2024-03-11 21:58:22,531][train][INFO] - saving model after new best score: 0.0065
[2024-03-11 21:58:26,433][train][INFO] - epoch: 12 || adv_avg_loss: 0.4853 |cl_avg_loss: 5.5777 | tot_avg_loss: 1.0431 |
[2024-03-11 21:58:31,120][train][INFO] - ---------valid result! ----------
[2024-03-11 21:58:31,120][train][INFO] - HIT@5: 0.0047|  NDCG@5: 0.0030| HIT@10: 0.0093|  NDCG@10: 0.0045| HIT@20: 0.0196|  NDCG@20: 0.0071
[2024-03-11 21:58:31,126][train][INFO] - saving model after new best score: 0.0071
[2024-03-11 21:58:35,031][train][INFO] - epoch: 13 || adv_avg_loss: 0.4818 |cl_avg_loss: 5.4125 | tot_avg_loss: 1.0231 |
[2024-03-11 21:58:39,752][train][INFO] - ---------valid result! ----------
[2024-03-11 21:58:39,752][train][INFO] - HIT@5: 0.0045|  NDCG@5: 0.0027| HIT@10: 0.0091|  NDCG@10: 0.0042| HIT@20: 0.0198|  NDCG@20: 0.0068
[2024-03-11 21:58:39,752][train][INFO] - current early stop cnter: 1
[2024-03-11 21:58:43,676][train][INFO] - epoch: 14 || adv_avg_loss: 0.4792 |cl_avg_loss: 5.2922 | tot_avg_loss: 1.0084 |
[2024-03-11 21:58:48,432][train][INFO] - ---------valid result! ----------
[2024-03-11 21:58:48,432][train][INFO] - HIT@5: 0.0055|  NDCG@5: 0.0032| HIT@10: 0.0108|  NDCG@10: 0.0049| HIT@20: 0.0204|  NDCG@20: 0.0074
[2024-03-11 21:58:48,438][train][INFO] - saving model after new best score: 0.0074
[2024-03-11 21:58:52,338][train][INFO] - epoch: 15 || adv_avg_loss: 0.4763 |cl_avg_loss: 5.1673 | tot_avg_loss: 0.9930 |
[2024-03-11 21:58:57,078][train][INFO] - ---------valid result! ----------
[2024-03-11 21:58:57,078][train][INFO] - HIT@5: 0.0062|  NDCG@5: 0.0038| HIT@10: 0.0116|  NDCG@10: 0.0055| HIT@20: 0.0221|  NDCG@20: 0.0081
[2024-03-11 21:58:57,085][train][INFO] - saving model after new best score: 0.0081
[2024-03-11 21:59:01,131][train][INFO] - epoch: 16 || adv_avg_loss: 0.4735 |cl_avg_loss: 5.0732 | tot_avg_loss: 0.9808 |
[2024-03-11 21:59:05,866][train][INFO] - ---------valid result! ----------
[2024-03-11 21:59:05,866][train][INFO] - HIT@5: 0.0062|  NDCG@5: 0.0036| HIT@10: 0.0117|  NDCG@10: 0.0053| HIT@20: 0.0225|  NDCG@20: 0.0081
[2024-03-11 21:59:05,866][train][INFO] - current early stop cnter: 1
[2024-03-11 21:59:09,761][train][INFO] - epoch: 17 || adv_avg_loss: 0.4684 |cl_avg_loss: 5.0173 | tot_avg_loss: 0.9701 |
[2024-03-11 21:59:14,389][train][INFO] - ---------valid result! ----------
[2024-03-11 21:59:14,389][train][INFO] - HIT@5: 0.0061|  NDCG@5: 0.0039| HIT@10: 0.0107|  NDCG@10: 0.0054| HIT@20: 0.0224|  NDCG@20: 0.0083
[2024-03-11 21:59:14,395][train][INFO] - saving model after new best score: 0.0083
[2024-03-11 21:59:18,322][train][INFO] - epoch: 18 || adv_avg_loss: 0.4702 |cl_avg_loss: 4.8974 | tot_avg_loss: 0.9599 |
[2024-03-11 21:59:23,063][train][INFO] - ---------valid result! ----------
[2024-03-11 21:59:23,063][train][INFO] - HIT@5: 0.0058|  NDCG@5: 0.0036| HIT@10: 0.0114|  NDCG@10: 0.0054| HIT@20: 0.0226|  NDCG@20: 0.0082
[2024-03-11 21:59:23,063][train][INFO] - current early stop cnter: 1
[2024-03-11 21:59:26,998][train][INFO] - epoch: 19 || adv_avg_loss: 0.4664 |cl_avg_loss: 4.8382 | tot_avg_loss: 0.9502 |
[2024-03-11 21:59:31,665][train][INFO] - ---------valid result! ----------
[2024-03-11 21:59:31,666][train][INFO] - HIT@5: 0.0050|  NDCG@5: 0.0029| HIT@10: 0.0100|  NDCG@10: 0.0044| HIT@20: 0.0219|  NDCG@20: 0.0074
[2024-03-11 21:59:31,666][train][INFO] - current early stop cnter: 2
[2024-03-11 21:59:35,567][train][INFO] - epoch: 20 || adv_avg_loss: 0.4625 |cl_avg_loss: 4.7235 | tot_avg_loss: 0.9348 |
[2024-03-11 21:59:40,361][train][INFO] - ---------valid result! ----------
[2024-03-11 21:59:40,362][train][INFO] - HIT@5: 0.0063|  NDCG@5: 0.0035| HIT@10: 0.0121|  NDCG@10: 0.0054| HIT@20: 0.0237|  NDCG@20: 0.0083
[2024-03-11 21:59:40,362][train][INFO] - current early stop cnter: 3
[2024-03-11 21:59:44,256][train][INFO] - epoch: 21 || adv_avg_loss: 0.4591 |cl_avg_loss: 4.6852 | tot_avg_loss: 0.9276 |
[2024-03-11 21:59:49,169][train][INFO] - ---------valid result! ----------
[2024-03-11 21:59:49,169][train][INFO] - HIT@5: 0.0057|  NDCG@5: 0.0033| HIT@10: 0.0116|  NDCG@10: 0.0052| HIT@20: 0.0254|  NDCG@20: 0.0086
[2024-03-11 21:59:49,175][train][INFO] - saving model after new best score: 0.0086
[2024-03-11 21:59:53,096][train][INFO] - epoch: 22 || adv_avg_loss: 0.4560 |cl_avg_loss: 4.5822 | tot_avg_loss: 0.9143 |
[2024-03-11 21:59:57,820][train][INFO] - ---------valid result! ----------
[2024-03-11 21:59:57,820][train][INFO] - HIT@5: 0.0063|  NDCG@5: 0.0036| HIT@10: 0.0121|  NDCG@10: 0.0055| HIT@20: 0.0258|  NDCG@20: 0.0089
[2024-03-11 21:59:57,828][train][INFO] - saving model after new best score: 0.0089
[2024-03-11 22:00:01,726][train][INFO] - epoch: 23 || adv_avg_loss: 0.4539 |cl_avg_loss: 4.5109 | tot_avg_loss: 0.9050 |
[2024-03-11 22:00:06,472][train][INFO] - ---------valid result! ----------
[2024-03-11 22:00:06,473][train][INFO] - HIT@5: 0.0060|  NDCG@5: 0.0035| HIT@10: 0.0119|  NDCG@10: 0.0054| HIT@20: 0.0265|  NDCG@20: 0.0090
[2024-03-11 22:00:06,481][train][INFO] - saving model after new best score: 0.0090
[2024-03-11 22:00:10,380][train][INFO] - epoch: 24 || adv_avg_loss: 0.4513 |cl_avg_loss: 4.4124 | tot_avg_loss: 0.8925 |
[2024-03-11 22:00:15,159][train][INFO] - ---------valid result! ----------
[2024-03-11 22:00:15,159][train][INFO] - HIT@5: 0.0054|  NDCG@5: 0.0031| HIT@10: 0.0117|  NDCG@10: 0.0051| HIT@20: 0.0276|  NDCG@20: 0.0091
[2024-03-11 22:00:15,168][train][INFO] - saving model after new best score: 0.0091
[2024-03-11 22:00:19,083][train][INFO] - epoch: 25 || adv_avg_loss: 0.4492 |cl_avg_loss: 4.3161 | tot_avg_loss: 0.8808 |
[2024-03-11 22:00:23,900][train][INFO] - ---------valid result! ----------
[2024-03-11 22:00:23,900][train][INFO] - HIT@5: 0.0054|  NDCG@5: 0.0031| HIT@10: 0.0125|  NDCG@10: 0.0054| HIT@20: 0.0287|  NDCG@20: 0.0095
[2024-03-11 22:00:23,906][train][INFO] - saving model after new best score: 0.0095
[2024-03-11 22:00:27,825][train][INFO] - epoch: 26 || adv_avg_loss: 0.4463 |cl_avg_loss: 4.1756 | tot_avg_loss: 0.8639 |
[2024-03-11 22:00:32,737][train][INFO] - ---------valid result! ----------
[2024-03-11 22:00:32,737][train][INFO] - HIT@5: 0.0051|  NDCG@5: 0.0029| HIT@10: 0.0123|  NDCG@10: 0.0052| HIT@20: 0.0293|  NDCG@20: 0.0094
[2024-03-11 22:00:32,737][train][INFO] - current early stop cnter: 1
[2024-03-11 22:00:36,629][train][INFO] - epoch: 27 || adv_avg_loss: 0.4429 |cl_avg_loss: 4.1347 | tot_avg_loss: 0.8564 |
[2024-03-11 22:00:41,358][train][INFO] - ---------valid result! ----------
[2024-03-11 22:00:41,358][train][INFO] - HIT@5: 0.0048|  NDCG@5: 0.0027| HIT@10: 0.0119|  NDCG@10: 0.0050| HIT@20: 0.0302|  NDCG@20: 0.0095
[2024-03-11 22:00:41,364][train][INFO] - saving model after new best score: 0.0095
[2024-03-11 22:00:45,261][train][INFO] - epoch: 28 || adv_avg_loss: 0.4408 |cl_avg_loss: 4.0153 | tot_avg_loss: 0.8424 |
[2024-03-11 22:00:50,138][train][INFO] - ---------valid result! ----------
[2024-03-11 22:00:50,138][train][INFO] - HIT@5: 0.0064|  NDCG@5: 0.0036| HIT@10: 0.0137|  NDCG@10: 0.0059| HIT@20: 0.0316|  NDCG@20: 0.0103
[2024-03-11 22:00:50,146][train][INFO] - saving model after new best score: 0.0103
[2024-03-11 22:00:54,046][train][INFO] - epoch: 29 || adv_avg_loss: 0.4369 |cl_avg_loss: 3.9264 | tot_avg_loss: 0.8295 |
[2024-03-11 22:00:59,171][train][INFO] - ---------valid result! ----------
[2024-03-11 22:00:59,171][train][INFO] - HIT@5: 0.0057|  NDCG@5: 0.0032| HIT@10: 0.0147|  NDCG@10: 0.0060| HIT@20: 0.0334|  NDCG@20: 0.0107
[2024-03-11 22:00:59,177][train][INFO] - saving model after new best score: 0.0107
[2024-03-11 22:01:03,102][train][INFO] - epoch: 30 || adv_avg_loss: 0.4351 |cl_avg_loss: 3.8369 | tot_avg_loss: 0.8188 |
[2024-03-11 22:01:07,977][train][INFO] - ---------valid result! ----------
[2024-03-11 22:01:07,977][train][INFO] - HIT@5: 0.0059|  NDCG@5: 0.0034| HIT@10: 0.0144|  NDCG@10: 0.0062| HIT@20: 0.0353|  NDCG@20: 0.0114
[2024-03-11 22:01:07,983][train][INFO] - saving model after new best score: 0.0114
[2024-03-11 22:01:11,920][train][INFO] - epoch: 31 || adv_avg_loss: 0.4296 |cl_avg_loss: 3.7988 | tot_avg_loss: 0.8095 |
[2024-03-11 22:01:16,688][train][INFO] - ---------valid result! ----------
[2024-03-11 22:01:16,689][train][INFO] - HIT@5: 0.0059|  NDCG@5: 0.0034| HIT@10: 0.0139|  NDCG@10: 0.0059| HIT@20: 0.0355|  NDCG@20: 0.0113
[2024-03-11 22:01:16,689][train][INFO] - current early stop cnter: 1
[2024-03-11 22:01:20,595][train][INFO] - epoch: 32 || adv_avg_loss: 0.4301 |cl_avg_loss: 3.7315 | tot_avg_loss: 0.8032 |
[2024-03-11 22:01:25,424][train][INFO] - ---------valid result! ----------
[2024-03-11 22:01:25,424][train][INFO] - HIT@5: 0.0075|  NDCG@5: 0.0041| HIT@10: 0.0162|  NDCG@10: 0.0069| HIT@20: 0.0364|  NDCG@20: 0.0120
[2024-03-11 22:01:25,430][train][INFO] - saving model after new best score: 0.0120
[2024-03-11 22:01:29,327][train][INFO] - epoch: 33 || adv_avg_loss: 0.4255 |cl_avg_loss: 3.6650 | tot_avg_loss: 0.7920 |
[2024-03-11 22:01:34,166][train][INFO] - ---------valid result! ----------
[2024-03-11 22:01:34,166][train][INFO] - HIT@5: 0.0074|  NDCG@5: 0.0041| HIT@10: 0.0169|  NDCG@10: 0.0071| HIT@20: 0.0372|  NDCG@20: 0.0121
[2024-03-11 22:01:34,172][train][INFO] - saving model after new best score: 0.0121
[2024-03-11 22:01:38,096][train][INFO] - epoch: 34 || adv_avg_loss: 0.4223 |cl_avg_loss: 3.6104 | tot_avg_loss: 0.7833 |
[2024-03-11 22:01:42,882][train][INFO] - ---------valid result! ----------
[2024-03-11 22:01:42,882][train][INFO] - HIT@5: 0.0070|  NDCG@5: 0.0038| HIT@10: 0.0157|  NDCG@10: 0.0066| HIT@20: 0.0374|  NDCG@20: 0.0120
[2024-03-11 22:01:42,882][train][INFO] - current early stop cnter: 1
[2024-03-11 22:01:46,771][train][INFO] - epoch: 35 || adv_avg_loss: 0.4200 |cl_avg_loss: 3.5182 | tot_avg_loss: 0.7718 |
[2024-03-11 22:01:51,607][train][INFO] - ---------valid result! ----------
[2024-03-11 22:01:51,607][train][INFO] - HIT@5: 0.0070|  NDCG@5: 0.0038| HIT@10: 0.0169|  NDCG@10: 0.0070| HIT@20: 0.0390|  NDCG@20: 0.0125
[2024-03-11 22:01:51,613][train][INFO] - saving model after new best score: 0.0125
[2024-03-11 22:01:55,517][train][INFO] - epoch: 36 || adv_avg_loss: 0.4184 |cl_avg_loss: 3.4785 | tot_avg_loss: 0.7663 |
